[03/Feb/2025 15:09:19] INFO [django.utils.autoreload:668] Watching for file changes with StatReloader
[03/Feb/2025 15:10:45] INFO [extended_user.views:89] Processing login request
[03/Feb/2025 15:10:47] INFO [extended_user.views:99] Successful login for user: test_admin
[03/Feb/2025 15:11:07] INFO [campaign.views:53] Checking admin status for user_id: 13
[03/Feb/2025 15:11:07] INFO [campaign.views:58] User 13 confirmed as admin
[03/Feb/2025 15:11:07] INFO [campaign.views:290] Received request to create new user campaign by admin.
[03/Feb/2025 15:11:07] DEBUG [campaign.views:291] Request data: {'type': 'Email', 'text': 'Welcome to our new product launch!', 'description': 'This campaign is to introduce our latest product to our users.'}
[03/Feb/2025 15:11:07] DEBUG [campaign.views:299] serializer: UserCampaignSerializer(data={'type': 'Email', 'text': 'Welcome to our new product launch!', 'description': 'This campaign is to introduce our latest product to our users.', 'created_by': 13}):
    type = CharField(required=True)
    text = CharField(required=True)
    description = CharField(allow_blank=True, required=False)
    status = CharField(default='pending', required=False)
    created_at = DateTimeField(read_only=True)
    updated_at = DateTimeField(read_only=True)
    created_by = IntegerField(required=True)
[03/Feb/2025 15:11:07] DEBUG [campaign.views:301] Data from serializer: {'type': 'Email', 'text': 'Welcome to our new product launch!', 'description': 'This campaign is to introduce our latest product to our users.', 'status': 'pending', 'created_by': 13}
[03/Feb/2025 15:11:07] DEBUG [campaign.views:302] Creating new campaign with data: {'type': 'Email', 'text': 'Welcome to our new product launch!', 'description': 'This campaign is to introduce our latest product to our users.', 'status': 'pending', 'created_by': 13}
[03/Feb/2025 15:11:07] ERROR [campaign.views:320] Failed to create campaign: name 'AdminUserCampaign' is not defined
Traceback (most recent call last):
  File "F:\PROGRAMMING\django\ILP\backend\campaign\views.py", line 304, in create
    new_campaign = AdminUserCampaign(
                   ^^^^^^^^^^^^^^^^^
NameError: name 'AdminUserCampaign' is not defined. Did you mean: 'UserCampaign'?
[03/Feb/2025 15:11:07] WARNING [django.request:248] Bad Request: /campaign/api/admin/campaigns/
[03/Feb/2025 15:11:38] INFO [django.utils.autoreload:266] F:\PROGRAMMING\django\ILP\backend\campaign\views.py changed, reloading.
[03/Feb/2025 15:11:42] INFO [django.utils.autoreload:668] Watching for file changes with StatReloader
[03/Feb/2025 15:12:00] INFO [campaign.views:53] Checking admin status for user_id: 13
[03/Feb/2025 15:12:01] INFO [campaign.views:58] User 13 confirmed as admin
[03/Feb/2025 15:12:01] INFO [campaign.views:290] Received request to create new user campaign by admin.
[03/Feb/2025 15:12:01] DEBUG [campaign.views:291] Request data: {'type': 'Email', 'text': 'Welcome to our new product launch!', 'description': 'This campaign is to introduce our latest product to our users.'}
[03/Feb/2025 15:12:01] DEBUG [campaign.views:299] serializer: UserCampaignSerializer(data={'type': 'Email', 'text': 'Welcome to our new product launch!', 'description': 'This campaign is to introduce our latest product to our users.', 'created_by': 13}):
    type = CharField(required=True)
    text = CharField(required=True)
    description = CharField(allow_blank=True, required=False)
    status = CharField(default='pending', required=False)
    created_at = DateTimeField(read_only=True)
    updated_at = DateTimeField(read_only=True)
    created_by = IntegerField(required=True)
[03/Feb/2025 15:12:01] DEBUG [campaign.views:301] Data from serializer: {'type': 'Email', 'text': 'Welcome to our new product launch!', 'description': 'This campaign is to introduce our latest product to our users.', 'status': 'pending', 'created_by': 13}
[03/Feb/2025 15:12:01] DEBUG [campaign.views:302] Creating new campaign with data: {'type': 'Email', 'text': 'Welcome to our new product launch!', 'description': 'This campaign is to introduce our latest product to our users.', 'status': 'pending', 'created_by': 13}
[03/Feb/2025 15:12:01] INFO [campaign.views:313] Successfully created new campaign by user 13
[03/Feb/2025 15:12:01] DEBUG [campaign.serializers:31] to_representation output: {'id': 1, 'type': 'Email', 'text': 'Welcome to our new product launch!', 'description': 'This campaign is to introduce our latest product to our users.', 'status': 'pending', 'created_at': datetime.datetime(2025, 2, 3, 15, 12, 1, 115307, tzinfo=datetime.timezone(datetime.timedelta(seconds=19800))), 'updated_at': datetime.datetime(2025, 2, 3, 15, 12, 1, 115307, tzinfo=datetime.timezone(datetime.timedelta(seconds=19800))), 'created_by': 13}
[03/Feb/2025 15:12:54] WARNING [django.request:248] Unauthorized: /campaign/api/admin/campaigns/1/
[03/Feb/2025 15:14:45] INFO [django.utils.autoreload:266] F:\PROGRAMMING\django\ILP\backend\lightbulb\settings.py changed, reloading.
[03/Feb/2025 15:15:20] INFO [django.utils.autoreload:668] Watching for file changes with StatReloader
