2025-01-21 14:41:57,060 - extended_user.views - INFO - Processing login request
2025-01-21 14:41:58,499 - extended_user.views - WARNING - Failed login attempt for user: njul
2025-01-21 15:39:37,467 - extended_user.views - INFO - Processing login request
2025-01-21 15:39:39,336 - extended_user.views - INFO - Successful login for user: njul
2025-01-21 15:53:39,708 - extended_user.views - INFO - Processing login request
2025-01-21 15:53:41,499 - extended_user.views - WARNING - Failed login attempt for user: njul11
2025-01-21 15:59:11,453 - extended_user.views - INFO - Fetching all extended users
2025-01-21 15:59:11,590 - extended_user.views - INFO - Successfully retrieved 5 extended users
2025-01-21 16:00:51,313 - extended_user.views - INFO - Attempting to create new user and extended user
2025-01-21 16:00:52,954 - extended_user.views - INFO - Created Django user with ID: 11
2025-01-21 16:00:52,955 - extended_user.views - ERROR - Error creating extended user: 'role'
2025-01-21 16:00:53,004 - extended_user.views - INFO - Rolled back Django user creation for ID: None
2025-01-21 16:02:48,272 - extended_user.views - INFO - Attempting to create new user and extended user
2025-01-21 16:02:50,039 - extended_user.views - INFO - Created Django user with ID: 12
2025-01-21 16:02:50,050 - extended_user.views - INFO - Created extended user with ID: 12
2025-01-21 16:03:13,658 - extended_user.views - INFO - Processing login request
2025-01-21 16:03:15,655 - extended_user.views - INFO - Successful login for user: anjul
2025-01-21 16:10:53,549 - extended_user.views - INFO - Processing login request
2025-01-21 16:10:55,611 - extended_user.views - INFO - Successful login for user: anjul
2025-01-21 16:33:15,439 - extended_user.views - INFO - Fetching all extended users
2025-01-21 16:33:15,670 - extended_user.views - INFO - Successfully retrieved 6 extended users
2025-01-21 16:34:24,535 - extended_user.views - INFO - Attempting to create new user and extended user
2025-01-21 16:34:26,054 - extended_user.views - INFO - Created Django user with ID: 13
2025-01-21 16:34:26,064 - extended_user.views - INFO - Created extended user with ID: 13
2025-01-21 16:34:53,749 - extended_user.views - INFO - Processing login request
2025-01-21 16:34:55,526 - extended_user.views - INFO - Successful login for user: test_admin
2025-01-21 16:41:49,865 - extended_user.views - INFO - Processing login request
2025-01-21 16:41:51,647 - extended_user.views - INFO - Successful login for user: test_admin
2025-01-21 17:26:43,998 - extended_user.views - INFO - Processing login request
2025-01-21 17:26:45,527 - extended_user.views - WARNING - Failed login attempt for user: anjul
2025-01-21 17:27:45,235 - extended_user.views - INFO - Processing login request
2025-01-21 17:27:46,911 - extended_user.views - INFO - Successful login for user: test_admin
2025-01-21 17:36:57,786 - extended_user.views - INFO - Processing login request
2025-01-21 17:36:59,572 - extended_user.views - INFO - Successful login for user: test_admin
2025-01-21 17:37:30,616 - extended_user.views - INFO - Processing login request
2025-01-21 17:37:32,073 - extended_user.views - INFO - Successful login for user: test_admin
2025-01-21 17:38:13,563 - extended_user.views - INFO - Processing login request
2025-01-21 17:38:15,137 - extended_user.views - INFO - Successful login for user: test_admin
2025-01-21 17:39:01,870 - extended_user.views - INFO - Processing login request
2025-01-21 17:39:03,773 - extended_user.views - INFO - Successful login for user: test_admin
2025-01-22 23:25:34,177 - extended_user.views - INFO - Processing login request
2025-01-22 23:25:36,125 - extended_user.views - INFO - Successful login for user: test_admin
2025-01-23 12:10:35,774 - extended_user.views - INFO - Processing login request
2025-01-23 12:10:37,563 - extended_user.views - INFO - Successful login for user: test_admin
2025-01-23 12:23:36,146 - extended_user.views - INFO - Processing login request
2025-01-23 12:23:37,866 - extended_user.views - INFO - Successful login for user: test_admin
2025-01-23 12:52:55,930 - extended_user.views - INFO - Processing login request
2025-01-23 12:52:57,679 - extended_user.views - INFO - Successful login for user: test_admin
2025-01-23 14:11:28,489 - extended_user.views - INFO - Processing login request
2025-01-23 14:11:30,041 - extended_user.views - INFO - Successful login for user: test_admin
2025-01-23 14:14:09,539 - extended_user.views - INFO - Processing login request
2025-01-23 14:14:11,134 - extended_user.views - INFO - Successful login for user: test_admin
2025-01-23 14:15:00,322 - extended_user.views - INFO - Processing login request
2025-01-23 14:15:01,873 - extended_user.views - WARNING - Failed login attempt for user: anjul
2025-01-23 14:15:11,997 - extended_user.views - INFO - Processing login request
2025-01-23 14:15:13,534 - extended_user.views - WARNING - Failed login attempt for user: anjul
2025-01-23 14:15:37,102 - extended_user.views - INFO - Processing login request
2025-01-23 14:15:38,855 - extended_user.views - WARNING - Failed login attempt for user: anjul
2025-01-23 14:16:19,884 - extended_user.views - INFO - Processing login request
2025-01-23 14:16:21,803 - extended_user.views - WARNING - Failed login attempt for user: anjul
2025-01-23 14:16:42,506 - extended_user.views - INFO - Processing login request
2025-01-23 14:16:44,248 - extended_user.views - WARNING - Failed login attempt for user: anjul
2025-01-23 14:16:52,508 - extended_user.views - INFO - Processing login request
2025-01-23 14:16:54,243 - extended_user.views - WARNING - Failed login attempt for user: anjul
2025-01-23 14:16:59,441 - extended_user.views - INFO - Processing login request
2025-01-23 14:17:01,130 - extended_user.views - WARNING - Failed login attempt for user: anjul
2025-01-23 14:17:11,251 - extended_user.views - INFO - Processing login request
2025-01-23 14:17:13,062 - extended_user.views - WARNING - Failed login attempt for user: test
2025-01-23 14:17:19,565 - extended_user.views - INFO - Processing login request
2025-01-23 14:17:21,299 - extended_user.views - INFO - Successful login for user: test_admin
2025-01-23 14:18:08,424 - extended_user.views - INFO - Processing login request
2025-01-23 14:18:10,129 - extended_user.views - WARNING - Failed login attempt for user: anjul
2025-01-23 14:20:43,799 - extended_user.views - INFO - Fetching all extended users
2025-01-23 14:20:43,817 - extended_user.views - INFO - Successfully retrieved 7 extended users
2025-01-23 14:21:32,934 - extended_user.views - INFO - Processing login request
2025-01-23 14:21:34,875 - extended_user.views - WARNING - Failed login attempt for user: anjul
2025-01-23 14:21:45,430 - extended_user.views - INFO - Processing login request
2025-01-23 14:21:47,151 - extended_user.views - WARNING - Failed login attempt for user: anjul
2025-01-23 14:21:50,625 - extended_user.views - INFO - Processing login request
2025-01-23 14:21:52,610 - extended_user.views - WARNING - Failed login attempt for user: anjul
2025-01-23 14:23:41,446 - extended_user.views - INFO - Attempting to create new user and extended user
2025-01-23 14:23:43,210 - extended_user.views - INFO - Created Django user with ID: 14
2025-01-23 14:23:43,239 - extended_user.views - INFO - Created extended user with ID: 14
2025-01-23 14:24:07,793 - extended_user.views - INFO - Processing login request
2025-01-23 14:24:09,629 - extended_user.views - INFO - Successful login for user: superadmin
2025-01-23 14:24:39,401 - extended_user.views - INFO - Processing login request
2025-01-23 14:24:41,031 - extended_user.views - INFO - Successful login for user: superadmin
2025-01-23 14:26:27,317 - extended_user.views - INFO - Processing login request
2025-01-23 14:26:29,098 - extended_user.views - INFO - Successful login for user: superadmin
2025-01-23 14:28:37,424 - extended_user.views - INFO - Processing login request
2025-01-23 14:28:39,055 - extended_user.views - INFO - Successful login for user: superadmin
2025-01-23 14:48:38,473 - extended_user.views - INFO - Processing login request
2025-01-23 14:48:40,218 - extended_user.views - INFO - Successful login for user: superadmin
2025-01-23 14:51:48,004 - extended_user.views - INFO - Processing login request
2025-01-23 14:51:50,483 - extended_user.views - INFO - Successful login for user: superadmin
2025-01-23 15:06:37,141 - extended_user.views - INFO - Processing login request
2025-01-23 15:06:38,716 - extended_user.views - INFO - Successful login for user: superadmin
2025-01-23 15:18:59,449 - extended_user.views - INFO - Processing login request
2025-01-23 15:19:01,094 - extended_user.views - INFO - Successful login for user: superadmin
2025-01-23 15:23:36,835 - extended_user.views - INFO - Processing login request
2025-01-23 15:23:38,621 - extended_user.views - INFO - Successful login for user: superadmin
2025-01-23 15:24:36,098 - extended_user.views - INFO - Processing login request
2025-01-23 15:24:38,208 - extended_user.views - INFO - Successful login for user: superadmin
2025-01-23 15:26:32,902 - extended_user.views - INFO - Processing login request
2025-01-23 15:26:34,750 - extended_user.views - INFO - Successful login for user: superadmin
2025-01-23 15:30:36,822 - extended_user.views - INFO - Processing login request
2025-01-23 15:30:38,478 - extended_user.views - INFO - Successful login for user: superadmin
2025-01-23 15:31:56,821 - extended_user.views - INFO - Processing login request
2025-01-23 15:31:58,600 - extended_user.views - INFO - Successful login for user: superadmin
2025-01-23 15:49:43,450 - extended_user.views - INFO - Processing login request
2025-01-23 15:49:45,349 - extended_user.views - INFO - Successful login for user: superadmin
2025-01-23 16:22:51,446 - extended_user.views - INFO - Processing login request
2025-01-23 16:22:53,382 - extended_user.views - WARNING - Failed login attempt for user: superadmin
2025-01-23 16:23:03,205 - extended_user.views - INFO - Processing login request
2025-01-23 16:23:04,732 - extended_user.views - INFO - Successful login for user: superadmin
2025-01-23 16:26:14,816 - extended_user.views - INFO - Processing login request
2025-01-23 16:26:16,552 - extended_user.views - INFO - Successful login for user: superadmin
2025-01-23 16:28:53,939 - extended_user.views - INFO - Processing login request
2025-01-23 16:28:55,563 - extended_user.views - INFO - Successful login for user: superadmin
2025-01-23 16:45:38,257 - extended_user.views - INFO - Processing login request
2025-01-23 16:45:39,917 - extended_user.views - INFO - Successful login for user: superadmin
2025-01-23 16:46:48,347 - extended_user.views - INFO - Processing login request
2025-01-23 16:46:49,833 - extended_user.views - INFO - Successful login for user: test_admin
2025-01-23 16:47:42,314 - extended_user.views - INFO - Processing login request
2025-01-23 16:47:44,059 - extended_user.views - INFO - Successful login for user: superadmin
2025-01-23 16:52:57,674 - extended_user.views - INFO - Processing login request
2025-01-23 16:52:59,589 - extended_user.views - INFO - Successful login for user: superadmin
2025-01-23 16:58:47,019 - extended_user.views - INFO - Processing login request
2025-01-23 16:58:48,551 - extended_user.views - INFO - Successful login for user: superadmin
2025-01-23 17:56:01,248 - extended_user.views - INFO - Processing login request
2025-01-23 17:56:02,762 - extended_user.views - INFO - Successful login for user: superadmin
2025-01-23 18:04:12,203 - extended_user.views - INFO - Processing login request
2025-01-23 18:04:13,760 - extended_user.views - INFO - Successful login for user: superadmin
2025-01-23 18:12:36,787 - extended_user.views - INFO - Processing login request
2025-01-23 18:12:38,650 - extended_user.views - WARNING - Failed login attempt for user: superadmin
2025-01-24 09:50:04,681 - extended_user.views - INFO - Processing login request
2025-01-24 09:50:06,792 - extended_user.views - INFO - Successful login for user: superadmin
2025-01-24 09:52:01,339 - extended_user.views - INFO - Processing login request
2025-01-24 09:52:02,952 - extended_user.views - INFO - Successful login for user: superadmin
2025-01-24 10:55:02,882 - extended_user.views - INFO - Processing login request
2025-01-24 10:55:04,710 - extended_user.views - INFO - Successful login for user: test_admin
2025-01-24 11:14:26,757 - extended_user.views - INFO - Processing login request
2025-01-24 11:14:28,735 - extended_user.views - INFO - Successful login for user: test_admin
2025-01-24 11:16:34,070 - extended_user.views - INFO - Processing login request
2025-01-24 11:16:35,865 - extended_user.views - INFO - Successful login for user: test_admin
2025-01-24 11:45:16,822 - extended_user.views - INFO - Processing login request
2025-01-24 11:45:18,473 - extended_user.views - INFO - Successful login for user: test_admin
2025-01-24 11:46:03,004 - extended_user.views - INFO - Processing login request
2025-01-24 11:46:04,536 - extended_user.views - INFO - Successful login for user: superadmin
2025-01-24 11:51:08,753 - extended_user.views - INFO - Processing login request
2025-01-24 11:51:10,269 - extended_user.views - INFO - Successful login for user: test_admin
2025-01-24 12:33:51,799 - extended_user.views - INFO - Processing login request
2025-01-24 12:33:53,583 - extended_user.views - INFO - Successful login for user: test_admin
2025-01-24 12:39:57,171 - extended_user.views - INFO - Processing login request
2025-01-24 12:39:58,980 - extended_user.views - INFO - Successful login for user: test_admin
2025-01-24 14:24:02,873 - extended_user.views - INFO - Processing login request
2025-01-24 14:24:04,680 - extended_user.views - INFO - Successful login for user: test_admin
2025-01-24 14:30:22,929 - extended_user.views - INFO - Processing login request
2025-01-24 14:30:24,575 - extended_user.views - INFO - Successful login for user: test_admin
2025-01-24 14:31:45,979 - extended_user.views - INFO - Processing login request
2025-01-24 14:31:47,563 - extended_user.views - INFO - Successful login for user: test_admin
2025-01-24 14:39:56,773 - extended_user.views - INFO - Processing login request
2025-01-24 14:39:58,332 - extended_user.views - INFO - Successful login for user: test_admin
2025-01-24 14:41:28,605 - extended_user.views - INFO - Processing login request
2025-01-24 14:41:30,321 - extended_user.views - INFO - Successful login for user: test_admin
2025-01-24 14:50:14,100 - extended_user.views - INFO - Processing login request
2025-01-24 14:50:15,767 - extended_user.views - INFO - Successful login for user: test_admin
2025-01-24 15:01:01,253 - extended_user.views - INFO - Processing login request
2025-01-24 15:01:02,804 - extended_user.views - INFO - Successful login for user: test_admin
2025-01-24 15:10:11,540 - extended_user.views - INFO - Processing login request
2025-01-24 15:10:13,477 - extended_user.views - INFO - Successful login for user: test_admin
2025-01-24 15:19:25,165 - extended_user.views - INFO - Processing login request
2025-01-24 15:19:26,988 - extended_user.views - INFO - Successful login for user: superadmin
2025-01-24 15:20:29,969 - extended_user.views - INFO - Processing login request
2025-01-24 15:20:31,567 - extended_user.views - INFO - Successful login for user: test_admin
2025-01-24 17:31:31,866 - extended_user.views - INFO - Fetching all extended users
2025-01-24 17:31:32,046 - extended_user.views - INFO - Successfully retrieved 8 extended users
2025-01-24 17:37:12,892 - extended_user.views - INFO - Attempting to create new user and extended user
2025-01-24 17:37:13,046 - extended_user.views - WARNING - Invalid user data: {'password': [ErrorDetail(string='This field is required.', code='required')]}
2025-01-24 17:37:31,653 - extended_user.views - INFO - Attempting to create new user and extended user
2025-01-24 17:37:33,691 - extended_user.views - INFO - Created Django user with ID: 15
2025-01-24 17:37:33,705 - extended_user.views - INFO - Created extended user with ID: 15
2025-01-24 17:40:26,034 - extended_user.views - INFO - Processing login request
2025-01-24 17:40:28,071 - extended_user.views - INFO - Successful login for user: n_jul
2025-01-24 17:41:23,569 - extended_user.views - INFO - Fetching all extended users
2025-01-24 17:41:23,573 - extended_user.views - INFO - Successfully retrieved 9 extended users
2025-01-24 17:41:52,859 - extended_user.views - INFO - Processing login request
2025-01-24 17:41:54,541 - extended_user.views - INFO - Successful login for user: test_admin
2025-01-24 17:46:12,210 - extended_user.views - INFO - Processing login request
2025-01-24 17:46:14,572 - extended_user.views - INFO - Successful login for user: n_jul
2025-01-24 17:48:04,193 - extended_user.views - INFO - Processing login request
2025-01-24 17:48:05,819 - extended_user.views - INFO - Successful login for user: test_admin
2025-01-27 10:04:38,735 - extended_user.views - INFO - Processing login request
2025-01-27 10:04:40,384 - extended_user.views - INFO - Successful login for user: test_admin
2025-01-27 10:05:57,048 - extended_user.views - INFO - Processing login request
2025-01-27 10:05:58,725 - extended_user.views - WARNING - Failed login attempt for user: anjul
2025-01-27 10:06:46,022 - extended_user.views - INFO - Processing login request
2025-01-27 10:06:47,655 - extended_user.views - INFO - Successful login for user: n_jul
2025-01-27 10:08:24,112 - extended_user.views - INFO - Processing login request
2025-01-27 10:08:25,745 - extended_user.views - INFO - Successful login for user: n_jul
2025-01-27 10:14:05,999 - extended_user.views - INFO - Processing login request
2025-01-27 10:14:07,793 - extended_user.views - INFO - Successful login for user: test_admin
2025-01-27 10:19:11,092 - extended_user.views - INFO - Processing login request
2025-01-27 10:19:12,673 - extended_user.views - INFO - Successful login for user: n_jul
2025-01-27 10:24:18,691 - extended_user.views - INFO - Processing login request
2025-01-27 10:24:20,366 - extended_user.views - INFO - Successful login for user: n_jul
2025-01-27 10:26:38,547 - extended_user.views - INFO - Processing login request
2025-01-27 10:26:40,560 - extended_user.views - INFO - Successful login for user: n_jul
2025-01-27 10:31:35,273 - extended_user.views - INFO - Processing login request
2025-01-27 10:31:37,056 - extended_user.views - INFO - Successful login for user: n_jul
2025-01-27 10:39:26,925 - extended_user.views - INFO - Processing login request
2025-01-27 10:39:28,781 - extended_user.views - INFO - Successful login for user: n_jul
2025-01-27 10:47:28,122 - extended_user.views - INFO - Processing login request
2025-01-27 10:47:29,772 - extended_user.views - INFO - Successful login for user: n_jul
2025-01-27 11:06:27,326 - extended_user.views - INFO - Processing login request
2025-01-27 11:06:29,096 - extended_user.views - INFO - Successful login for user: n_jul
2025-01-27 11:11:49,181 - extended_user.views - INFO - Processing login request
2025-01-27 11:11:51,223 - extended_user.views - INFO - Successful login for user: n_jul
2025-01-27 11:17:42,132 - extended_user.views - INFO - Processing login request
2025-01-27 11:17:44,670 - extended_user.views - INFO - Successful login for user: n_jul
2025-01-27 11:20:46,673 - extended_user.views - INFO - Processing login request
2025-01-27 11:20:48,339 - extended_user.views - INFO - Successful login for user: n_jul
2025-01-27 11:27:56,360 - extended_user.views - INFO - Processing login request
2025-01-27 11:27:58,165 - extended_user.views - INFO - Successful login for user: n_jul
2025-01-27 11:28:51,128 - extended_user.views - INFO - Processing login request
2025-01-27 11:28:52,731 - extended_user.views - INFO - Successful login for user: n_jul
2025-01-27 11:35:51,770 - extended_user.views - INFO - Processing login request
2025-01-27 11:35:53,326 - extended_user.views - INFO - Successful login for user: n_jul
2025-01-27 12:54:31,365 - extended_user.views - INFO - Processing login request
2025-01-27 12:54:33,968 - extended_user.views - INFO - Successful login for user: superadmin
2025-01-28 18:08:55,168 - extended_user.views - INFO - Processing login request
2025-01-28 18:08:56,977 - extended_user.views - INFO - Successful login for user: n_jul
2025-01-28 18:09:30,633 - extended_user.views - INFO - Processing login request
2025-01-28 18:09:32,291 - extended_user.views - INFO - Successful login for user: n_jul
2025-01-28 18:11:14,492 - extended_user.views - INFO - Processing login request
2025-01-28 18:11:16,153 - extended_user.views - INFO - Successful login for user: test_admin
2025-01-28 18:12:36,990 - extended_user.views - INFO - Processing login request
2025-01-28 18:12:38,799 - extended_user.views - INFO - Successful login for user: superadmin
2025-01-28 18:12:48,346 - extended_user.views - INFO - Processing login request
2025-01-28 18:12:50,049 - extended_user.views - INFO - Successful login for user: n_jul
2025-01-28 18:15:01,429 - extended_user.views - INFO - Processing login request
2025-01-28 18:15:03,119 - extended_user.views - INFO - Successful login for user: n_jul
2025-01-30 14:07:27,873 - extended_user.views - INFO - Processing login request
2025-01-30 14:07:29,546 - extended_user.views - INFO - Processing login request
2025-01-30 14:07:30,554 - extended_user.views - INFO - Successful login for user: test_admin
2025-01-30 14:07:31,953 - extended_user.views - INFO - Successful login for user: test_admin
2025-01-30 14:34:39,250 - extended_user.views - INFO - Processing login request
2025-01-30 14:34:41,391 - extended_user.views - INFO - Successful login for user: n_jul
2025-01-30 14:35:14,175 - extended_user.views - INFO - Processing login request
2025-01-30 14:35:15,943 - extended_user.views - INFO - Successful login for user: test_admin
2025-01-30 14:36:33,540 - extended_user.views - INFO - Processing login request
2025-01-30 14:36:35,296 - extended_user.views - INFO - Successful login for user: test_admin
2025-01-30 14:42:38,299 - extended_user.views - INFO - Processing login request
2025-01-30 14:42:39,919 - extended_user.views - INFO - Successful login for user: test_admin
2025-02-03 10:24:15,518 - extended_user.views - INFO - Processing login request
2025-02-03 10:24:18,091 - extended_user.views - INFO - Successful login for user: test_admin
2025-02-03 11:16:40,303 - extended_user.views - INFO - Fetching all practices...
2025-02-03 11:16:40,317 - extended_user.views - ERROR - Error fetching extended users: name 'practice' is not defined
2025-02-03 11:17:32,327 - extended_user.views - INFO - Fetching all practices...
2025-02-03 11:17:32,330 - extended_user.views - ERROR - Error fetching extended users: name 'practice' is not defined
2025-02-03 11:18:45,418 - extended_user.views - INFO - Fetching all practices...
2025-02-03 11:18:45,420 - extended_user.views - ERROR - Error fetching extended users: name 'practice' is not defined
2025-02-03 11:19:28,696 - extended_user.views - INFO - Fetching all practices...
2025-02-03 11:19:28,699 - extended_user.views - ERROR - Error fetching extended users: name 'practice' is not defined
2025-02-03 15:10:45,127 - extended_user.views - INFO - Processing login request
2025-02-03 15:10:47,041 - extended_user.views - INFO - Successful login for user: test_admin
2025-02-03 15:15:31,157 - extended_user.views - INFO - Processing login request
2025-02-03 15:15:33,060 - extended_user.views - INFO - Successful login for user: test_admin
2025-02-03 17:13:20,396 - extended_user.views - INFO - Fetching all practices...
2025-02-03 17:13:20,627 - extended_user.views - INFO - Successfully retrieved 1 practices
2025-02-03 17:13:20,635 - extended_user.views - INFO - Fetching all practices...
2025-02-03 17:13:20,638 - extended_user.views - INFO - Successfully retrieved 1 practices
2025-02-03 17:25:49,308 - extended_user.views - INFO - Fetching all practices...
2025-02-03 17:25:49,582 - extended_user.views - INFO - Successfully retrieved 10 practices
2025-02-03 17:25:49,590 - extended_user.views - INFO - Fetching all practices...
2025-02-03 17:25:49,593 - extended_user.views - INFO - Successfully retrieved 10 practices
2025-02-03 17:36:24,358 - extended_user.views - INFO - Attempting to create new user and extended user
2025-02-03 17:36:24,518 - extended_user.views - WARNING - Invalid user data: {'username': [ErrorDetail(string='A user with that username already exists.', code='unique')]}
2025-02-03 17:36:34,275 - extended_user.views - INFO - Attempting to create new user and extended user
2025-02-03 17:36:36,676 - extended_user.views - INFO - Created Django user with ID: 21
2025-02-03 17:36:36,795 - extended_user.views - ERROR - Error creating extended user: Foreign key associated with column 'extended_user.practice_id' could not find table 'pratice' with which to generate a foreign key to target column 'id'
2025-02-03 17:36:36,831 - extended_user.views - INFO - Rolled back Django user creation for ID: None
2025-02-03 17:40:09,820 - extended_user.views - INFO - Attempting to create new user and extended user
2025-02-03 17:40:11,679 - extended_user.views - INFO - Created Django user with ID: 22
2025-02-03 17:40:11,901 - extended_user.views - ERROR - Error creating extended user: (psycopg2.errors.ForeignKeyViolation) insert or update on table "extended_user" violates foreign key constraint "fk_extended_user_practice_id"
DETAIL:  Key (practice_id)=(1) is not present in table "practice".

[SQL: INSERT INTO extended_user (id, role, practice_id) VALUES (%(id)s, %(role)s, %(practice_id)s)]
[parameters: {'id': 22, 'role': 'user', 'practice_id': '1'}]
(Background on this error at: https://sqlalche.me/e/20/gkpj)
2025-02-03 17:40:11,929 - extended_user.views - INFO - Rolled back Django user creation for ID: None
2025-02-03 17:41:24,864 - extended_user.views - INFO - Attempting to create new user and extended user
2025-02-03 17:41:26,768 - extended_user.views - INFO - Created Django user with ID: 23
2025-02-03 17:41:26,927 - extended_user.views - INFO - Created extended user with ID: 23
2025-02-04 09:37:39,655 - extended_user.views - INFO - Fetching all practices...
2025-02-04 09:37:40,269 - extended_user.views - INFO - Successfully retrieved 10 practices
2025-02-04 09:37:40,299 - extended_user.views - INFO - Fetching all practices...
2025-02-04 09:37:40,304 - extended_user.views - INFO - Successfully retrieved 10 practices
2025-02-04 09:50:21,908 - extended_user.views - INFO - Processing login request
2025-02-04 09:50:24,236 - extended_user.views - INFO - Successful login for user: test_admin
2025-02-04 09:53:23,688 - extended_user.views - INFO - Fetching all practices...
2025-02-04 09:53:23,704 - extended_user.views - INFO - Successfully retrieved 10 practices
2025-02-04 09:53:23,721 - extended_user.views - INFO - Fetching all practices...
2025-02-04 09:53:23,724 - extended_user.views - INFO - Successfully retrieved 10 practices
2025-02-04 17:18:08,974 - extended_user.views - INFO - Fetching all practices...
2025-02-04 17:18:09,462 - extended_user.views - INFO - Successfully retrieved 10 practices
2025-02-04 17:18:09,471 - extended_user.views - INFO - Fetching all practices...
2025-02-04 17:18:09,476 - extended_user.views - INFO - Successfully retrieved 10 practices
2025-02-04 17:18:32,199 - extended_user.views - INFO - Attempting to create new user and extended user
2025-02-04 17:18:33,975 - extended_user.views - INFO - Created Django user with ID: 24
2025-02-04 17:18:33,991 - extended_user.views - INFO - Created extended user with ID: 24
2025-02-04 17:18:34,116 - extended_user.views - INFO - Fetching all practices...
2025-02-04 17:18:34,123 - extended_user.views - INFO - Successfully retrieved 10 practices
2025-02-04 17:18:34,142 - extended_user.views - INFO - Fetching all practices...
2025-02-04 17:18:34,146 - extended_user.views - INFO - Successfully retrieved 10 practices
2025-02-04 17:18:48,009 - extended_user.views - INFO - Processing login request
2025-02-04 17:18:49,623 - extended_user.views - INFO - Successful login for user: _njul
2025-02-04 17:59:49,186 - extended_user.views - INFO - Fetching all practices...
2025-02-04 17:59:49,334 - extended_user.views - INFO - Successfully retrieved 10 practices
2025-02-04 17:59:49,340 - extended_user.views - INFO - Fetching all practices...
2025-02-04 17:59:49,343 - extended_user.views - INFO - Successfully retrieved 10 practices
2025-02-04 18:00:56,808 - extended_user.views - INFO - Fetching all practices...
2025-02-04 18:00:56,812 - extended_user.views - INFO - Successfully retrieved 10 practices
2025-02-04 18:00:56,820 - extended_user.views - INFO - Fetching all practices...
2025-02-04 18:00:56,828 - extended_user.views - INFO - Successfully retrieved 10 practices
2025-02-04 18:01:05,311 - extended_user.views - INFO - Processing login request
2025-02-04 18:01:06,895 - extended_user.views - INFO - Successful login for user: test_admin
2025-02-04 18:22:45,296 - extended_user.views - INFO - Fetching all practices...
2025-02-04 18:22:45,300 - extended_user.views - INFO - Successfully retrieved 10 practices
2025-02-04 18:22:45,315 - extended_user.views - INFO - Fetching all practices...
2025-02-04 18:22:45,320 - extended_user.views - INFO - Successfully retrieved 10 practices
2025-02-04 18:22:59,629 - extended_user.views - INFO - Processing login request
2025-02-04 18:23:01,213 - extended_user.views - INFO - Successful login for user: superadmin
2025-02-05 12:06:13,250 - extended_user.views - INFO - Fetching all practices...
2025-02-05 12:06:13,495 - extended_user.views - INFO - Successfully retrieved 10 practices
2025-02-05 12:06:13,541 - extended_user.views - INFO - Fetching all practices...
2025-02-05 12:06:13,545 - extended_user.views - INFO - Successfully retrieved 10 practices
2025-02-05 12:06:45,967 - extended_user.views - INFO - Fetching all practices...
2025-02-05 12:06:45,971 - extended_user.views - INFO - Successfully retrieved 10 practices
2025-02-05 12:06:56,791 - extended_user.views - INFO - Fetching all practices...
2025-02-05 12:06:56,808 - extended_user.views - INFO - Successfully retrieved 10 practices
2025-02-05 12:06:56,843 - extended_user.views - INFO - Fetching all practices...
2025-02-05 12:06:56,846 - extended_user.views - INFO - Successfully retrieved 10 practices
2025-02-05 12:07:42,334 - extended_user.views - INFO - Processing login request
2025-02-05 12:07:47,427 - extended_user.views - INFO - Successful login for user: superadmin
2025-02-05 12:17:01,937 - extended_user.views - INFO - Fetching all practices...
2025-02-05 12:17:01,942 - extended_user.views - INFO - Successfully retrieved 10 practices
2025-02-05 12:17:01,954 - extended_user.views - INFO - Fetching all practices...
2025-02-05 12:17:01,959 - extended_user.views - INFO - Successfully retrieved 10 practices
2025-02-05 12:17:16,612 - extended_user.views - INFO - Processing login request
2025-02-05 12:17:18,281 - extended_user.views - INFO - Successful login for user: superadmin
2025-02-05 12:41:07,576 - extended_user.views - INFO - Fetching all practices...
2025-02-05 12:41:07,579 - extended_user.views - INFO - Successfully retrieved 10 practices
2025-02-05 12:41:07,748 - extended_user.views - INFO - Fetching all practices...
2025-02-05 12:41:07,754 - extended_user.views - INFO - Successfully retrieved 10 practices
2025-02-05 12:41:16,932 - extended_user.views - INFO - Fetching all practices...
2025-02-05 12:41:16,946 - extended_user.views - INFO - Successfully retrieved 10 practices
2025-02-05 12:41:17,042 - extended_user.views - INFO - Fetching all practices...
2025-02-05 12:41:17,051 - extended_user.views - INFO - Successfully retrieved 10 practices
2025-02-05 12:41:30,533 - extended_user.views - INFO - Processing login request
2025-02-05 12:41:32,206 - extended_user.views - INFO - Successful login for user: superadmin
2025-02-05 14:26:10,110 - extended_user.views - INFO - Fetching all practices...
2025-02-05 14:26:10,569 - extended_user.views - INFO - Successfully retrieved 10 practices
2025-02-05 14:26:10,576 - extended_user.views - INFO - Fetching all practices...
2025-02-05 14:26:10,581 - extended_user.views - INFO - Successfully retrieved 10 practices
2025-02-05 14:26:21,608 - extended_user.views - INFO - Processing login request
2025-02-05 14:26:23,404 - extended_user.views - INFO - Successful login for user: test_admin
2025-02-05 14:48:59,758 - extended_user.views - INFO - Fetching all practices...
2025-02-05 14:48:59,935 - extended_user.views - INFO - Successfully retrieved 10 practices
2025-02-05 14:48:59,941 - extended_user.views - INFO - Fetching all practices...
2025-02-05 14:48:59,945 - extended_user.views - INFO - Successfully retrieved 10 practices
2025-02-05 14:49:28,597 - extended_user.views - INFO - Fetching all practices...
2025-02-05 14:49:28,603 - extended_user.views - INFO - Successfully retrieved 10 practices
2025-02-05 14:49:28,633 - extended_user.views - INFO - Fetching all practices...
2025-02-05 14:49:28,639 - extended_user.views - INFO - Successfully retrieved 10 practices
2025-02-05 14:49:42,258 - extended_user.views - INFO - Processing login request
2025-02-05 14:49:44,108 - extended_user.views - INFO - Successful login for user: superadmin
2025-02-05 14:50:52,488 - extended_user.views - INFO - Fetching all practices...
2025-02-05 14:50:52,494 - extended_user.views - INFO - Successfully retrieved 10 practices
2025-02-05 14:50:52,577 - extended_user.views - INFO - Fetching all practices...
2025-02-05 14:50:52,584 - extended_user.views - INFO - Successfully retrieved 10 practices
2025-02-05 14:51:02,060 - extended_user.views - INFO - Processing login request
2025-02-05 14:51:04,595 - extended_user.views - INFO - Successful login for user: n_jul
2025-02-05 15:02:19,574 - extended_user.views - INFO - Fetching all practices...
2025-02-05 15:02:19,766 - extended_user.views - INFO - Successfully retrieved 10 practices
2025-02-05 15:02:19,773 - extended_user.views - INFO - Fetching all practices...
2025-02-05 15:02:19,777 - extended_user.views - INFO - Successfully retrieved 10 practices
2025-02-05 15:02:33,599 - extended_user.views - INFO - Processing login request
2025-02-05 15:02:35,565 - extended_user.views - INFO - Successful login for user: test_admin
2025-02-05 15:25:03,907 - extended_user.views - INFO - Processing login request
2025-02-05 15:25:05,838 - extended_user.views - INFO - Successful login for user: test_admin
2025-02-05 15:43:33,365 - extended_user.views - INFO - Fetching all practices...
2025-02-05 15:43:33,559 - extended_user.views - INFO - Successfully retrieved 10 practices
2025-02-05 15:43:33,568 - extended_user.views - INFO - Fetching all practices...
2025-02-05 15:43:33,585 - extended_user.views - INFO - Successfully retrieved 10 practices
2025-02-05 15:48:02,261 - extended_user.views - INFO - Processing login request
2025-02-05 15:48:03,968 - extended_user.views - INFO - Successful login for user: test_admin
2025-02-05 16:05:07,334 - extended_user.views - INFO - Fetching all practices...
2025-02-05 16:05:07,338 - extended_user.views - INFO - Successfully retrieved 10 practices
2025-02-05 16:05:07,385 - extended_user.views - INFO - Fetching all practices...
2025-02-05 16:05:07,389 - extended_user.views - INFO - Successfully retrieved 10 practices
2025-02-05 16:05:19,620 - extended_user.views - INFO - Processing login request
2025-02-05 16:05:21,611 - extended_user.views - INFO - Successful login for user: n_jul
2025-02-05 16:05:39,646 - extended_user.views - INFO - Fetching all practices...
2025-02-05 16:05:39,649 - extended_user.views - INFO - Successfully retrieved 10 practices
2025-02-05 16:05:39,672 - extended_user.views - INFO - Fetching all practices...
2025-02-05 16:05:39,676 - extended_user.views - INFO - Successfully retrieved 10 practices
2025-02-05 16:06:03,091 - extended_user.views - INFO - Processing login request
2025-02-05 16:06:04,674 - extended_user.views - INFO - Successful login for user: superadmin
2025-02-05 16:18:40,383 - extended_user.views - INFO - Fetching all practices...
2025-02-05 16:18:40,399 - extended_user.views - INFO - Successfully retrieved 10 practices
2025-02-05 16:18:40,419 - extended_user.views - INFO - Fetching all practices...
2025-02-05 16:18:40,423 - extended_user.views - INFO - Successfully retrieved 10 practices
2025-02-05 16:18:49,929 - extended_user.views - INFO - Processing login request
2025-02-05 16:18:52,295 - extended_user.views - INFO - Successful login for user: test_admin
2025-02-05 16:22:12,329 - extended_user.views - INFO - Fetching all practices...
2025-02-05 16:22:12,333 - extended_user.views - INFO - Successfully retrieved 10 practices
2025-02-05 16:22:12,364 - extended_user.views - INFO - Fetching all practices...
2025-02-05 16:22:12,375 - extended_user.views - INFO - Successfully retrieved 10 practices
2025-02-05 16:22:23,035 - extended_user.views - INFO - Processing login request
2025-02-05 16:22:24,805 - extended_user.views - INFO - Successful login for user: n_jul
2025-02-05 16:25:51,343 - extended_user.views - INFO - Fetching all practices...
2025-02-05 16:25:51,347 - extended_user.views - INFO - Successfully retrieved 10 practices
2025-02-05 16:25:51,362 - extended_user.views - INFO - Fetching all practices...
2025-02-05 16:25:51,366 - extended_user.views - INFO - Successfully retrieved 10 practices
2025-02-05 16:26:01,900 - extended_user.views - INFO - Processing login request
2025-02-05 16:26:03,674 - extended_user.views - INFO - Successful login for user: test_admin
2025-02-05 17:02:07,459 - extended_user.views - INFO - Processing login request
2025-02-05 17:02:09,773 - extended_user.views - INFO - Successful login for user: superadmin
2025-02-05 17:04:11,906 - extended_user.views - INFO - Processing login request
2025-02-05 17:04:13,933 - extended_user.views - INFO - Successful login for user: test_admin
